<?xml version="1.0" encoding="UTF-8"?>
<testsuite xmlns:xsi="http://www.w3.org/2001/XMLSchema-instance" xsi:noNamespaceSchemaLocation="https://maven.apache.org/surefire/maven-surefire-plugin/xsd/surefire-test-report-3.0.xsd" version="3.0" name="TestSuite" time="167.559" tests="8" errors="0" skipped="0" failures="4">
  <properties>
[...]
</properties>
  <testcase name="verifyLogin" classname="testcases.VerifyLogin" time="15.965"/>
  <testcase name="verifyLogin" classname="testcases.VerifyLogin" time="13.343">
    <failure message="expected [Welcome To Manager&apos;s Page of Guru99 Bank] but found [Password]" type="java.lang.AssertionError"><![CDATA[java.lang.AssertionError: expected [Welcome To Manager's Page of Guru99 Bank] but found [Password]
	at testcases.VerifyLogin.verifyLogin(VerifyLogin.java:42)
]]></failure>
    <system-out><![CDATA[User or Password is not valid
]]></system-out>
    <system-err><![CDATA[Starting ChromeDriver 78.0.3904.105 (60e2d8774a8151efa6a00b1f358371b1e0e07ee2-refs/branch-heads/3904@{#877}) on port 1761
Only local connections are allowed.
Please protect ports used by ChromeDriver and related test frameworks to prevent access by malicious code.
[1575738937.118][WARNING]: Timed out connecting to Chrome, retrying...
Dec 07, 2019 12:15:39 PM org.openqa.selenium.remote.ProtocolHandshake createSession
INFO: Detected dialect: W3C
[1575738942.521][WARNING]: Timed out connecting to Chrome, retrying...
]]></system-err>
  </testcase>
  <testcase name="verifyLogin" classname="testcases.VerifyLogin" time="14.219">
    <failure message="expected [Welcome To Manager&apos;s Page of Guru99 Bank] but found [Password]" type="java.lang.AssertionError"><![CDATA[java.lang.AssertionError: expected [Welcome To Manager's Page of Guru99 Bank] but found [Password]
	at testcases.VerifyLogin.verifyLogin(VerifyLogin.java:42)
]]></failure>
    <system-out><![CDATA[User or Password is not valid
]]></system-out>
    <system-err><![CDATA[Starting ChromeDriver 78.0.3904.105 (60e2d8774a8151efa6a00b1f358371b1e0e07ee2-refs/branch-heads/3904@{#877}) on port 24605
Only local connections are allowed.
Please protect ports used by ChromeDriver and related test frameworks to prevent access by malicious code.
[1575738952.296][WARNING]: Timed out connecting to Chrome, retrying...
Dec 07, 2019 12:15:54 PM org.openqa.selenium.remote.ProtocolHandshake createSession
INFO: Detected dialect: W3C
[1575738957.909][WARNING]: Timed out connecting to Chrome, retrying...
]]></system-err>
  </testcase>
  <testcase name="verifyLogin" classname="testcases.VerifyLogin" time="13.745">
    <failure message="expected [Welcome To Manager&apos;s Page of Guru99 Bank] but found [Password]" type="java.lang.AssertionError"><![CDATA[java.lang.AssertionError: expected [Welcome To Manager's Page of Guru99 Bank] but found [Password]
	at testcases.VerifyLogin.verifyLogin(VerifyLogin.java:42)
]]></failure>
    <system-out><![CDATA[User or Password is not valid
]]></system-out>
    <system-err><![CDATA[Starting ChromeDriver 78.0.3904.105 (60e2d8774a8151efa6a00b1f358371b1e0e07ee2-refs/branch-heads/3904@{#877}) on port 25255
Only local connections are allowed.
Please protect ports used by ChromeDriver and related test frameworks to prevent access by malicious code.
[1575738967.099][WARNING]: Timed out connecting to Chrome, retrying...
Dec 07, 2019 12:16:09 PM org.openqa.selenium.remote.ProtocolHandshake createSession
INFO: Detected dialect: W3C
[1575738973.050][WARNING]: Timed out connecting to Chrome, retrying...
]]></system-err>
  </testcase>
  <testcase name="validateEditCustomer" classname="testcases.VerifyEditCustomer" time="14.707">
    <failure message="unexpected alert open: {Alert text : could not be updated!!}&#10;  (Session info: chrome=78.0.3904.108): could not be updated!!&#10;Build info: version: &apos;4.0.0-alpha-3&apos;, revision: &apos;8c567de6dc&apos;&#10;System info: host: &apos;DESKTOP-250U10H&apos;, ip: &apos;192.168.44.1&apos;, os.name: &apos;Windows 10&apos;, os.arch: &apos;amd64&apos;, os.version: &apos;10.0&apos;, java.version: &apos;1.8.0_144&apos;&#10;Driver info: org.openqa.selenium.chrome.ChromeDriver&#10;Capabilities {acceptInsecureCerts: false, browserName: chrome, browserVersion: 78.0.3904.108, chrome: {chromedriverVersion: 78.0.3904.105 (60e2d8774a81..., userDataDir: C:\Users\HP\AppData\Local\T...}, goog:chromeOptions: {debuggerAddress: localhost:64627}, javascriptEnabled: true, networkConnectionEnabled: false, pageLoadStrategy: normal, platform: XP, platformName: XP, proxy: Proxy(), setWindowRect: true, strictFileInteractability: false, timeouts: {implicit: 0, pageLoad: 300000, script: 30000}, unhandledPromptBehavior: dismiss and notify}&#10;Session ID: d195f3981fccea7ee5e12dd9b2d3a1d3&#10;*** Element info: {Using=xpath, value=//p[@class=&apos;heading3&apos;]}" type="org.openqa.selenium.UnhandledAlertException"><![CDATA[org.openqa.selenium.UnhandledAlertException: 
unexpected alert open: {Alert text : could not be updated!!}
  (Session info: chrome=78.0.3904.108): could not be updated!!
Build info: version: '4.0.0-alpha-3', revision: '8c567de6dc'
System info: host: 'DESKTOP-250U10H', ip: '192.168.44.1', os.name: 'Windows 10', os.arch: 'amd64', os.version: '10.0', java.version: '1.8.0_144'
Driver info: org.openqa.selenium.chrome.ChromeDriver
Capabilities {acceptInsecureCerts: false, browserName: chrome, browserVersion: 78.0.3904.108, chrome: {chromedriverVersion: 78.0.3904.105 (60e2d8774a81..., userDataDir: C:\Users\HP\AppData\Local\T...}, goog:chromeOptions: {debuggerAddress: localhost:64627}, javascriptEnabled: true, networkConnectionEnabled: false, pageLoadStrategy: normal, platform: XP, platformName: XP, proxy: Proxy(), setWindowRect: true, strictFileInteractability: false, timeouts: {implicit: 0, pageLoad: 300000, script: 30000}, unhandledPromptBehavior: dismiss and notify}
Session ID: d195f3981fccea7ee5e12dd9b2d3a1d3
*** Element info: {Using=xpath, value=//p[@class='heading3']}
	at testcases.VerifyEditCustomer.validateEditCustomer(VerifyEditCustomer.java:31)
]]></failure>
    <system-err><![CDATA[Starting ChromeDriver 78.0.3904.105 (60e2d8774a8151efa6a00b1f358371b1e0e07ee2-refs/branch-heads/3904@{#877}) on port 4026
Only local connections are allowed.
Please protect ports used by ChromeDriver and related test frameworks to prevent access by malicious code.
[1575738982.334][WARNING]: Timed out connecting to Chrome, retrying...
Dec 07, 2019 12:16:24 PM org.openqa.selenium.remote.ProtocolHandshake createSession
INFO: Detected dialect: W3C
[1575738987.689][WARNING]: Timed out connecting to Chrome, retrying...
]]></system-err>
  </testcase>
  <testcase name="validateDeleteCustomer" classname="testcases.VerifyDeleteCustomer" time="17.231"/>
  <testcase name="verifyAddCustomer" classname="testcases.VerifyAddNewCustomer" time="36.64"/>
  <testcase name="validateAddAccount" classname="testcases.VerifyAddAccount" time="26.501"/>
</testsuite>